<?xml version="1.0" encoding="UTF-8"?>
<!-- Generated by org.testng.reporters.JUnitReportReporter -->
<testsuite skipped="0" hostname="Mirs-MacBook-Pro-2.local" name="com.runner.ApiRunnerClass" tests="4" failures="0" timestamp="11 Nov 2022 14:03:49 GMT" time="5.429" errors="0">
  <testcase name="runScenario" time="0.863" classname="com.runner.ApiRunnerClass"/>
  <testcase name="runScenario" time="0.772" classname="com.runner.ApiRunnerClass"/>
  <testcase name="runScenario" time="3.060" classname="com.runner.ApiRunnerClass"/>
  <testcase name="runScenario" time="0.734" classname="com.runner.ApiRunnerClass"/>
</testsuite> <!-- com.runner.ApiRunnerClass -->
