<?xml version="1.0" encoding="UTF-8"?>
<!-- Generated by org.testng.reporters.JUnitReportReporter -->
<testsuite skipped="0" hostname="Mirs-MBP-2.lan" name="com.dbutility.DataBaseConnection" tests="1" failures="0" timestamp="27 Nov 2022 08:11:47 GMT" time="0.782" errors="0">
  <testcase name="dbConnection" time="0.782" classname="com.dbutility.DataBaseConnection"/>
</testsuite> <!-- com.dbutility.DataBaseConnection -->
