<?xml version="1.0" encoding="UTF-8"?>
<!-- Generated by org.testng.reporters.JUnitReportReporter -->
<testsuite skipped="0" hostname="Mirs-MBP-2.lan" name="com.apitest.PostMethod" tests="1" failures="0" timestamp="06 Nov 2022 02:57:12 GMT" time="3.094" errors="0">
  <testcase name="postMethod" time="3.094" classname="com.apitest.PostMethod"/>
</testsuite> <!-- com.apitest.PostMethod -->
