<?xml version="1.0" encoding="UTF-8"?>
<!-- Generated by org.testng.reporters.JUnitReportReporter -->
<testsuite skipped="0" hostname="Mirs-MBP-2.lan" name="com.runner.ApiRunnerClass" tests="4" failures="0" timestamp="07 Nov 2022 00:21:14 GMT" time="5.670" errors="0">
  <testcase name="runScenario" time="0.854" classname="com.runner.ApiRunnerClass"/>
  <testcase name="runScenario" time="0.748" classname="com.runner.ApiRunnerClass"/>
  <testcase name="runScenario" time="3.339" classname="com.runner.ApiRunnerClass"/>
  <testcase name="runScenario" time="0.729" classname="com.runner.ApiRunnerClass"/>
</testsuite> <!-- com.runner.ApiRunnerClass -->
