<?xml version="1.0" encoding="UTF-8"?>
<!-- Generated by org.testng.reporters.JUnitReportReporter -->
<testsuite skipped="0" hostname="Mirs-MBP-2.lan" name="com.dbutility.DBJaws" tests="1" failures="0" timestamp="27 Nov 2022 08:23:10 GMT" time="0.808" errors="0">
  <testcase name="dbConnection" time="0.808" classname="com.dbutility.DBJaws"/>
</testsuite> <!-- com.dbutility.DBJaws -->
