<?xml version="1.0" encoding="UTF-8"?>
<!-- Generated by org.testng.reporters.JUnitReportReporter -->
<testsuite skipped="0" hostname="Mirs-MBP-2.lan" name="com.runner.RunnerClass" tests="11" failures="0" timestamp="23 Oct 2022 05:13:02 GMT" time="90.713" errors="0">
  <testcase name="runScenario" time="4.772" classname="com.runner.RunnerClass"/>
  <testcase name="runScenario" time="4.251" classname="com.runner.RunnerClass"/>
  <testcase name="runScenario" time="4.952" classname="com.runner.RunnerClass"/>
  <testcase name="runScenario" time="4.642" classname="com.runner.RunnerClass"/>
  <testcase name="runScenario" time="5.991" classname="com.runner.RunnerClass"/>
  <testcase name="runScenario" time="16.241" classname="com.runner.RunnerClass"/>
  <testcase name="runScenario" time="6.823" classname="com.runner.RunnerClass"/>
  <testcase name="runScenario" time="9.830" classname="com.runner.RunnerClass"/>
  <testcase name="runScenario" time="4.775" classname="com.runner.RunnerClass"/>
  <testcase name="runScenario" time="24.130" classname="com.runner.RunnerClass"/>
  <testcase name="runScenario" time="4.306" classname="com.runner.RunnerClass"/>
</testsuite> <!-- com.runner.RunnerClass -->
