<?xml version="1.0" encoding="UTF-8"?>
<!-- Generated by org.testng.reporters.JUnitReportReporter -->
<testsuite skipped="0" hostname="Mirs-MBP-2.lan" name="com.runner.RunnerClass" tests="11" failures="0" timestamp="23 Oct 2022 05:15:51 GMT" time="90.158" errors="0">
  <testcase name="runScenario" time="4.757" classname="com.runner.RunnerClass"/>
  <testcase name="runScenario" time="4.485" classname="com.runner.RunnerClass"/>
  <testcase name="runScenario" time="4.990" classname="com.runner.RunnerClass"/>
  <testcase name="runScenario" time="15.866" classname="com.runner.RunnerClass"/>
  <testcase name="runScenario" time="4.417" classname="com.runner.RunnerClass"/>
  <testcase name="runScenario" time="24.080" classname="com.runner.RunnerClass"/>
  <testcase name="runScenario" time="4.915" classname="com.runner.RunnerClass"/>
  <testcase name="runScenario" time="5.878" classname="com.runner.RunnerClass"/>
  <testcase name="runScenario" time="4.347" classname="com.runner.RunnerClass"/>
  <testcase name="runScenario" time="9.613" classname="com.runner.RunnerClass"/>
  <testcase name="runScenario" time="6.810" classname="com.runner.RunnerClass"/>
</testsuite> <!-- com.runner.RunnerClass -->
